<?xml version="1.0" encoding="UTF-8" ?>
<testsuite tests="4" failures="0" name="donnees.cles.ClesTest" time="0" errors="0" skipped="0">
  <properties>
[...]
</properties>
  <testcase classname="donnees.cles.ClesTest" name="donnees.cles.ClesTest.testAddCle" time="0"/>
  <testcase classname="donnees.cles.ClesTest" name="donnees.cles.ClesTest.testStructure" time="0"/>
  <testcase classname="donnees.cles.ClesTest" name="donnees.cles.ClesTest.testGetCle_1" time="0"/>
  <testcase classname="donnees.cles.ClesTest" name="donnees.cles.ClesTest.testGetCle_2" time="0"/>
</testsuite>